Parameter D0{K*(892)+{K0S0,pi+},K-}_Re                       Fix     1.000000     0.000000     -9999.000000 -9999.000000 0.000000     0.000000     
Parameter D0{K*(892)+{K0S0,pi+},K-}_Im                       Fix     0.000000     0.000000     -9999.000000 -9999.000000 0.000000     0.000000     
Parameter D0{K*(1410)+{K0S0,pi+},K-}_Re                      Free    -0.945549    0.139688     0.139688     0.139688     0.000000     0.000000     
Parameter D0{K*(1410)+{K0S0,pi+},K-}_Im                      Free    -97.819509   10.355484    10.355484    10.355484    0.000000     0.000000     
Parameter D0{K(0)*(1430)+[GLASS]{K0S0,pi+},K-}_Re            Free    -0.006702    0.002643     0.002643     0.002643     0.000000     0.000000     
Parameter D0{K(0)*(1430)+[GLASS]{K0S0,pi+},K-}_Im            Free    38.989216    14.303992    14.303992    14.303992    0.000000     0.000000     
Parameter D0{K*(892)0{K-,pi+},K0S0}_Re                       Free    0.245337     0.029393     0.029393     0.029393     0.000000     0.000000     
Parameter D0{K*(892)0{K-,pi+},K0S0}_Im                       Free    337.227523   11.334161    11.334161    11.334161    0.000000     0.000000     
Parameter D0{K*(1410)0{K-,pi+},K0S0}_Re                      Free    0.930153     0.091814     0.091814     0.091814     0.000000     0.000000     
Parameter D0{K*(1410)0{K-,pi+},K0S0}_Im                      Free    -55.163086   5.495243     5.495243     5.495243     0.000000     0.000000     
Parameter D0{K(2)*(1430)0{K-,pi+},K0S0}_Re                   Free    1.356501     0.198271     0.198271     0.198271     0.000000     0.000000     
Parameter D0{K(2)*(1430)0{K-,pi+},K0S0}_Im                   Free    -73.177837   9.641107     9.641107     9.641107     0.000000     0.000000     
Parameter D0{K(0)*(1430)0[GLASS]{K-,pi+},K0S0}_Re            Free    0.079232     0.010731     0.010731     0.010731     0.000000     0.000000     
Parameter D0{K(0)*(1430)0[GLASS]{K-,pi+},K0S0}_Im            Free    192.759599   5.862805     5.862805     5.862805     0.000000     0.000000     
Parameter D0{a(2)(1320)-{K0S0,K-},pi+}_Re                    Free    0.223220     0.065102     0.065102     0.065102     0.000000     0.000000     
Parameter D0{a(2)(1320)-{K0S0,K-},pi+}_Im                    Free    -136.367724  17.396958    17.396958    17.396958    0.000000     0.000000     
Parameter D0{a(0)(1450)-{K0S0,K-},pi+}_Re                    Free    0.192531     0.006699     0.006699     0.006699     0.000000     0.000000     
Parameter D0{a(0)(1450)-{K0S0,K-},pi+}_Im                    Free    116.349450   3.109969     3.109969     3.109969     0.000000     0.000000     
Parameter D0{rho(1450)-[GounarisSakurai]{K0S0,K-},pi+}_Re    Free    -0.499789    0.070633     0.070633     0.070633     0.000000     0.000000     
Parameter D0{rho(1450)-[GounarisSakurai]{K0S0,K-},pi+}_Im    Free    -26.366622   16.089456    16.089456    16.089456    0.000000     0.000000     
Parameter D0{rho(1700)-[GounarisSakurai]{K0S0,K-},pi+}_Re    Free    0.340637     0.063603     0.063603     0.063603     0.000000     0.000000     
Parameter D0{rho(1700)-[GounarisSakurai]{K0S0,K-},pi+}_Im    Free    228.964357   6.288558     6.288558     6.288558     0.000000     0.000000     
Parameter Dbar0_radius                                       Fix     5.000000     0.010000     -9999.000000 -9999.000000 0.000000     0.000000     
Parameter K(0)*(1430)+::GLASS::F                             CompileTimeConstant 1.785000     0.010000     -9999.000000 -9999.000000 0.000000     0.000000     
Parameter K(0)*(1430)+::GLASS::R                             CompileTimeConstant 1.000000     0.000000     -9999.000000 -9999.000000 0.000000     0.000000     
Parameter K(0)*(1430)+::GLASS::a                             CompileTimeConstant 4.700000     0.400000     -9999.000000 -9999.000000 0.000000     0.000000     
Parameter K(0)*(1430)+::GLASS::phiF                          CompileTimeConstant 0.280000     0.010000     -9999.000000 -9999.000000 0.000000     0.000000     
Parameter K(0)*(1430)+::GLASS::phiR                          CompileTimeConstant 2.800000     0.010000     -9999.000000 -9999.000000 0.000000     0.000000     
Parameter K(0)*(1430)+::GLASS::r                             CompileTimeConstant -5.300000    0.010000     -9999.000000 -9999.000000 0.000000     0.000000     
Parameter K(0)*(1430)0::GLASS::F                             CompileTimeConstant 0.150000     0.010000     -9999.000000 -9999.000000 0.000000     0.000000     
Parameter K(0)*(1430)0::GLASS::R                             CompileTimeConstant 1.000000     0.000000     -9999.000000 -9999.000000 0.000000     0.000000     
Parameter K(0)*(1430)0::GLASS::a                             CompileTimeConstant 4.200000     0.400000     -9999.000000 -9999.000000 0.000000     0.000000     
Parameter K(0)*(1430)0::GLASS::phiF                          CompileTimeConstant -2.500000    0.010000     -9999.000000 -9999.000000 0.000000     0.000000     
Parameter K(0)*(1430)0::GLASS::phiR                          CompileTimeConstant -1.100000    0.010000     -9999.000000 -9999.000000 0.000000     0.000000     
Parameter K(0)*(1430)0::GLASS::r                             CompileTimeConstant -3.000000    0.010000     -9999.000000 -9999.000000 0.000000     0.000000     
Parameter D0_radius                                          CompileTimeConstant 5.000000     0.010000     -9999.000000 -9999.000000 0.000000     0.000000     
Parameter K*(892)0_mass                                      CompileTimeConstant 0.895940     0.000000     -9999.000000 -9999.000000 0.000000     0.000000     
Parameter K*(892)0_width                                     CompileTimeConstant 0.048700     0.000000     -9999.000000 -9999.000000 0.000000     0.000000     
Parameter K*(892)+_mass                                      CompileTimeConstant 0.893100     0.001000     -9999.000000 -9999.000000 0.000000     0.000000     
Parameter K*(892)+_width                                     CompileTimeConstant 0.046900     0.002800     -9999.000000 -9999.000000 0.000000     0.000000     
Parameter K(0)*(1430)bar-_mass                               CompileTimeConstant 1.435000     0.005000     -9999.000000 -9999.000000 0.000000     0.000000     
Parameter K(0)*(1430)bar-_width                              CompileTimeConstant 0.279000     0.006000     -9999.000000 -9999.000000 0.000000     0.000000     
Parameter K(0)*(1430)0_mass                                  CompileTimeConstant 1.435000     0.005000     -9999.000000 -9999.000000 0.000000     0.000000     
Parameter K(0)*(1430)0_width                                 CompileTimeConstant 0.279000     0.006000     -9999.000000 -9999.000000 0.000000     0.000000     
Parameter K(2)*(1430)0_mass                                  CompileTimeConstant 1.432400     0.000000     -9999.000000 -9999.000000 0.000000     0.000000     
Parameter K(2)*(1430)0_width                                 CompileTimeConstant 0.109000     0.000000     -9999.000000 -9999.000000 0.000000     0.000000     
Parameter K*(1410)0_width                                    CompileTimeConstant 0.270000     0.200000     -9999.000000 -9999.000000 0.000000     0.000000     
Parameter K*(1410)+_mass                                     CompileTimeConstant 1.414000     0.100000     -9999.000000 -9999.000000 0.000000     0.000000     
Parameter K*(1410)+_width                                    CompileTimeConstant 0.210000     0.100000     -9999.000000 -9999.000000 0.000000     0.000000     
Parameter a(0)(980)-_mass                                    CompileTimeConstant 0.980000     0.001000     -9999.000000 -9999.000000 0.000000     0.000000     
Parameter a(0)(1450)-_mass                                   CompileTimeConstant 1.430000     0.010000     -9999.000000 -9999.000000 0.000000     0.000000     
Parameter a(0)(1450)-_width                                  CompileTimeConstant 0.265000     0.010000     -9999.000000 -9999.000000 0.000000     0.000000     
Parameter a(2)(1320)-_mass                                   CompileTimeConstant 1.318100     0.001000     -9999.000000 -9999.000000 0.000000     0.000000     
Parameter a(2)(1320)-_width                                  CompileTimeConstant 0.109800     0.005000     -9999.000000 -9999.000000 0.000000     0.000000     
Parameter rho(1450)-_mass                                    CompileTimeConstant 1.182000     0.010000     -9999.000000 -9999.000000 0.000000     0.000000     
Parameter rho(1450)-_width                                   CompileTimeConstant 0.410000     0.100000     -9999.000000 -9999.000000 0.000000     0.000000     
Parameter rho(1700)-_mass                                    CompileTimeConstant 1.530000     0.010000     -9999.000000 -9999.000000 0.000000     0.000000     
Parameter rho(1700)-_width                                   CompileTimeConstant 0.259000     0.010000     -9999.000000 -9999.000000 0.000000     0.000000     
Parameter fPDF                                               Hide    0.780500     0.000000     0.000000     0.000000     0.000000     0.000000     
Parameter fBkg                                               Hide    0.219500     0.000000     0.000000     0.000000     0.000000     0.000000     
Parameter K(0)*(1430)+_mass                                  Hide    1.435000     0.000000     0.000000     0.000000     0.000000     0.000000     
Parameter K(0)*(1430)+_width                                 Hide    0.279000     0.000000     0.000000     0.000000     0.000000     0.000000     
Parameter K*(892)bar0_mass                                   Hide    0.895940     0.000000     0.000000     0.000000     0.000000     0.000000     
Parameter K*(892)bar0_width                                  Hide    0.048700     0.000000     0.000000     0.000000     0.000000     0.000000     
Parameter K*(892)bar-_mass                                   Hide    0.893100     0.000000     0.000000     0.000000     0.000000     0.000000     
Parameter K*(892)bar-_width                                  Hide    0.046900     0.000000     0.000000     0.000000     0.000000     0.000000     
Parameter K(0)*(1430)bar0_mass                               Hide    1.435000     0.000000     0.000000     0.000000     0.000000     0.000000     
Parameter K(0)*(1430)bar0_width                              Hide    0.279000     0.000000     0.000000     0.000000     0.000000     0.000000     
Parameter K(2)*(1430)bar0_mass                               Hide    1.432400     0.000000     0.000000     0.000000     0.000000     0.000000     
Parameter K(2)*(1430)bar0_width                              Hide    0.109000     0.000000     0.000000     0.000000     0.000000     0.000000     
Parameter K*(1410)bar0_width                                 Hide    0.270000     0.000000     0.000000     0.000000     0.000000     0.000000     
Parameter K*(1410)bar-_mass                                  Hide    1.414000     0.000000     0.000000     0.000000     0.000000     0.000000     
Parameter K*(1410)bar-_width                                 Hide    0.210000     0.000000     0.000000     0.000000     0.000000     0.000000     
Parameter a(0)(980)+_mass                                    Hide    0.980000     0.000000     0.000000     0.000000     0.000000     0.000000     
Parameter a(0)(1450)+_mass                                   Hide    1.430000     0.000000     0.000000     0.000000     0.000000     0.000000     
Parameter a(0)(1450)+_width                                  Hide    0.265000     0.000000     0.000000     0.000000     0.000000     0.000000     
Parameter a(2)(1320)+_mass                                   Hide    1.318100     0.000000     0.000000     0.000000     0.000000     0.000000     
Parameter a(2)(1320)+_width                                  Hide    0.109800     0.000000     0.000000     0.000000     0.000000     0.000000     
Parameter rho(1450)+_mass                                    Hide    1.182000     0.000000     0.000000     0.000000     0.000000     0.000000     
Parameter rho(1450)+_width                                   Hide    0.410000     0.000000     0.000000     0.000000     0.000000     0.000000     
Parameter rho(1700)+_mass                                    Hide    1.530000     0.000000     0.000000     0.000000     0.000000     0.000000     
Parameter rho(1700)+_width                                   Hide    0.259000     0.000000     0.000000     0.000000     0.000000     0.000000     
FitQuality 0 0 20 -5105.8171 0
FitFraction D0{a(0)(1450)-{K0S0,K-},pi+} 0.37563175 0.016677789
FitFraction D0{K*(892)+{K0S0,pi+},K-} 0.2286415 0.010342532
FitFraction D0{K*(1410)0{K-,pi+},K0S0} 0.085093239 0.016790039
FitFraction D0{K*(1410)+{K0S0,pi+},K-} 0.076688639 0.022655776
FitFraction D0{K(0)*(1430)0[GLASS]{K-,pi+},K0S0} 0.068969539 0.017333568
FitFraction D0{rho(1700)-[GounarisSakurai]{K0S0,K-},pi+} 0.030295694 0.011036652
FitFraction D0{rho(1450)-[GounarisSakurai]{K0S0,K-},pi+} 0.024020348 0.0068444955
FitFraction D0{K(2)*(1430)0{K-,pi+},K0S0} 0.014066826 0.0039959052
FitFraction D0{K*(892)0{K-,pi+},K0S0} 0.012734543 0.0030961816
FitFraction D0{K(0)*(1430)+[GLASS]{K0S0,pi+},K-} 0.0089892768 0.0070242845
FitFraction D0{a(2)(1320)-{K0S0,K-},pi+} 0.0031369943 0.0018093946
FitFraction Sum_D0 0.92826834 0.039732528
FitFraction D0{K*(1410)+{K0S0,pi+},K-}xD0{K(0)*(1430)0[GLASS]{K-,pi+},K0S0} 0.045006541 0.0052349934
FitFraction D0{K*(1410)+{K0S0,pi+},K-}xD0{a(0)(1450)-{K0S0,K-},pi+} 0.040819373 0.0056761253
FitFraction D0{K*(892)+{K0S0,pi+},K-}xD0{K(0)*(1430)0[GLASS]{K-,pi+},K0S0} 0.038157083 0.0045099743
FitFraction D0{K*(892)+{K0S0,pi+},K-}xD0{K*(1410)+{K0S0,pi+},K-} 0.03346996 0.0083157568
FitFraction D0{K*(892)+{K0S0,pi+},K-}xD0{K*(1410)0{K-,pi+},K0S0} -0.025088732 0.003207883
FitFraction D0{K*(892)+{K0S0,pi+},K-}xD0{a(0)(1450)-{K0S0,K-},pi+} 0.024540456 0.00090538994
FitFraction D0{K*(1410)+{K0S0,pi+},K-}xD0{rho(1700)-[GounarisSakurai]{K0S0,K-},pi+} -0.021391083 0.0063458546
FitFraction D0{K*(1410)+{K0S0,pi+},K-}xD0{rho(1450)-[GounarisSakurai]{K0S0,K-},pi+} -0.018429887 0.0050476148
FitFraction D0{K(0)*(1430)0[GLASS]{K-,pi+},K0S0}xD0{a(0)(1450)-{K0S0,K-},pi+} -0.017774004 0.0025017749
FitFraction D0{K*(892)+{K0S0,pi+},K-}xD0{rho(1700)-[GounarisSakurai]{K0S0,K-},pi+} -0.01651637 0.0030718135
FitFraction D0{K(0)*(1430)+[GLASS]{K0S0,pi+},K-}xD0{a(0)(1450)-{K0S0,K-},pi+} -0.016325675 0.0088785042
FitFraction D0{K*(1410)0{K-,pi+},K0S0}xD0{rho(1700)-[GounarisSakurai]{K0S0,K-},pi+} -0.014801918 0.0047268926
FitFraction D0{rho(1450)-[GounarisSakurai]{K0S0,K-},pi+}xD0{rho(1700)-[GounarisSakurai]{K0S0,K-},pi+} 0.013997812 0.0038459581
FitFraction D0{K(0)*(1430)0[GLASS]{K-,pi+},K0S0}xD0{rho(1700)-[GounarisSakurai]{K0S0,K-},pi+} -0.013560965 0.0028538165
FitFraction D0{K*(1410)0{K-,pi+},K0S0}xD0{a(0)(1450)-{K0S0,K-},pi+} -0.012298963 0.00449974
FitFraction D0{K*(1410)+{K0S0,pi+},K-}xD0{K*(1410)0{K-,pi+},K0S0} -0.011515797 0.0038675426
FitFraction D0{K(0)*(1430)0[GLASS]{K-,pi+},K0S0}xD0{rho(1450)-[GounarisSakurai]{K0S0,K-},pi+} -0.0098982854 0.0050964356
FitFraction D0{K*(892)0{K-,pi+},K0S0}xD0{K*(1410)0{K-,pi+},K0S0} -0.0094037511 0.0020605655
FitFraction D0{K*(892)+{K0S0,pi+},K-}xD0{rho(1450)-[GounarisSakurai]{K0S0,K-},pi+} -0.0092073205 0.0038099641
FitFraction D0{K*(1410)0{K-,pi+},K0S0}xD0{rho(1450)-[GounarisSakurai]{K0S0,K-},pi+} -0.0088673182 0.0052801061
FitFraction D0{K(2)*(1430)0{K-,pi+},K0S0}xD0{a(0)(1450)-{K0S0,K-},pi+} 0.0081320039 0.0015204506
FitFraction D0{K*(892)+{K0S0,pi+},K-}xD0{K(2)*(1430)0{K-,pi+},K0S0} 0.0068011367 0.0011458171
FitFraction D0{K*(1410)+{K0S0,pi+},K-}xD0{K(2)*(1430)0{K-,pi+},K0S0} -0.0060664861 0.0013404463
FitFraction D0{K*(892)0{K-,pi+},K0S0}xD0{a(0)(1450)-{K0S0,K-},pi+} 0.005797545 0.00067544454
FitFraction D0{K*(892)+{K0S0,pi+},K-}xD0{K*(892)0{K-,pi+},K0S0} 0.00547035 0.0010280743
FitFraction D0{K(0)*(1430)+[GLASS]{K0S0,pi+},K-}xD0{K*(1410)0{K-,pi+},K0S0} -0.0053592688 0.004103391
FitFraction D0{K(0)*(1430)+[GLASS]{K0S0,pi+},K-}xD0{K(0)*(1430)0[GLASS]{K-,pi+},K0S0} 0.0048453485 0.0026819384
FitFraction D0{K(2)*(1430)0{K-,pi+},K0S0}xD0{rho(1700)-[GounarisSakurai]{K0S0,K-},pi+} 0.0046174021 0.0011681835
FitFraction D0{K*(1410)+{K0S0,pi+},K-}xD0{K*(892)0{K-,pi+},K0S0} 0.0038284464 0.0010540768
FitFraction D0{K*(892)0{K-,pi+},K0S0}xD0{rho(1700)-[GounarisSakurai]{K0S0,K-},pi+} 0.0036558619 0.0010430515
FitFraction D0{K*(892)0{K-,pi+},K0S0}xD0{rho(1450)-[GounarisSakurai]{K0S0,K-},pi+} 0.0029300504 0.00061350013
FitFraction D0{K(0)*(1430)+[GLASS]{K0S0,pi+},K-}xD0{rho(1700)-[GounarisSakurai]{K0S0,K-},pi+} 0.0029008502 0.0011635214
FitFraction D0{K(0)*(1430)+[GLASS]{K0S0,pi+},K-}xD0{rho(1450)-[GounarisSakurai]{K0S0,K-},pi+} 0.0028276495 0.00087211402
FitFraction D0{K*(1410)+{K0S0,pi+},K-}xD0{a(2)(1320)-{K0S0,K-},pi+} 0.0024427636 0.00053977165
FitFraction D0{K(0)*(1430)+[GLASS]{K0S0,pi+},K-}xD0{K*(892)0{K-,pi+},K0S0} 0.0023285074 0.00080937683
FitFraction D0{K(2)*(1430)0{K-,pi+},K0S0}xD0{a(2)(1320)-{K0S0,K-},pi+} 0.0023210518 0.00068863351
FitFraction D0{K*(1410)0{K-,pi+},K0S0}xD0{a(2)(1320)-{K0S0,K-},pi+} -0.0015839617 0.00096844295
FitFraction D0{K*(1410)0{K-,pi+},K0S0}xD0{K(2)*(1430)0{K-,pi+},K0S0} -0.001582459 0.00036011161
FitFraction D0{K*(892)+{K0S0,pi+},K-}xD0{K(0)*(1430)+[GLASS]{K0S0,pi+},K-} 0.0011225405 0.00044338715
FitFraction D0{K*(1410)0{K-,pi+},K0S0}xD0{K(0)*(1430)0[GLASS]{K-,pi+},K0S0} -0.0010031664 0.00057618929
FitFraction D0{K(0)*(1430)+[GLASS]{K0S0,pi+},K-}xD0{K(2)*(1430)0{K-,pi+},K0S0} 0.00081781254 0.00077635093
FitFraction D0{K(0)*(1430)0[GLASS]{K-,pi+},K0S0}xD0{a(2)(1320)-{K0S0,K-},pi+} -0.00059550516 0.00058801723
FitFraction D0{K*(892)0{K-,pi+},K0S0}xD0{K(2)*(1430)0{K-,pi+},K0S0} 0.00048865065 8.9971498e-05
FitFraction D0{a(0)(1450)-{K0S0,K-},pi+}xD0{rho(1700)-[GounarisSakurai]{K0S0,K-},pi+} -0.00048192919 0.00011123647
FitFraction D0{K*(892)0{K-,pi+},K0S0}xD0{a(2)(1320)-{K0S0,K-},pi+} 0.00036556444 0.00029032639
FitFraction D0{K(2)*(1430)0{K-,pi+},K0S0}xD0{K(0)*(1430)0[GLASS]{K-,pi+},K0S0} -0.00032846456 0.00011400323
FitFraction D0{K*(892)0{K-,pi+},K0S0}xD0{K(0)*(1430)0[GLASS]{K-,pi+},K0S0} 0.0002960595 0.00026843964
FitFraction D0{K*(1410)+{K0S0,pi+},K-}xD0{K(0)*(1430)+[GLASS]{K0S0,pi+},K-} 0.00025398411 0.00020270891
FitFraction D0{K(2)*(1430)0{K-,pi+},K0S0}xD0{rho(1450)-[GounarisSakurai]{K0S0,K-},pi+} -0.00023948063 0.00087736814
FitFraction D0{a(2)(1320)-{K0S0,K-},pi+}xD0{rho(1450)-[GounarisSakurai]{K0S0,K-},pi+} 0.00019559315 5.4259568e-05
FitFraction D0{a(2)(1320)-{K0S0,K-},pi+}xD0{a(0)(1450)-{K0S0,K-},pi+} -0.00016917605 7.4600915e-05
FitFraction D0{a(0)(1450)-{K0S0,K-},pi+}xD0{rho(1450)-[GounarisSakurai]{K0S0,K-},pi+} -0.00013958886 0.00056938167
FitFraction D0{a(2)(1320)-{K0S0,K-},pi+}xD0{rho(1700)-[GounarisSakurai]{K0S0,K-},pi+} 6.7586064e-05 1.941785e-05
FitFraction D0{K(0)*(1430)+[GLASS]{K0S0,pi+},K-}xD0{a(2)(1320)-{K0S0,K-},pi+} -1.2634041e-05 0.00012890972
FitFraction D0{K*(892)+{K0S0,pi+},K-}xD0{a(2)(1320)-{K0S0,K-},pi+} 1.0034227e-05 0.00082142162
FitFraction Sum_D0_interference 0.035865829 0.019866264

CovarianceMatrix
0 0 0 0 0 0 0 0 0 0 0 0 0 0 0 0 0 0 0 0 0 0 0 0 0 0 0 0 0 0 0 0 0 0 0 0 0 0 0 0 0 0 0 0 0 0 0 0 0 0 0 0 0 0 0 0 0 0 0 0 0 0 0 0 0 0 0 0 0 0 0 0 0 0 0 0 0 0 0 0 0 0 
0 0 0 0 0 0 0 0 0 0 0 0 0 0 0 0 0 0 0 0 0 0 0 0 0 0 0 0 0 0 0 0 0 0 0 0 0 0 0 0 0 0 0 0 0 0 0 0 0 0 0 0 0 0 0 0 0 0 0 0 0 0 0 0 0 0 0 0 0 0 0 0 0 0 0 0 0 0 0 0 0 0 
0 0 0.019512633 -0.62859006 -8.4736182e-05 -0.50582641 -0.00056948255 -0.95181934 -0.0014574807 0.29723943 -0.0049594383 -0.48500516 0.00083233082 0.12827655 0.0058475285 0.95787864 -3.7795206e-05 -0.011024833 0.005520658 -0.80055059 -0.0056632055 -0.17378909 0 0 0 0 0 0 0 0 0 0 0 0 0 0 0 0 0 0 0 0 0 0 0 0 0 0 0 0 0 0 0 0 0 0 0 0 0 0 0 0 0 0 0 0 0 0 0 0 0 0 0 0 0 0 0 0 0 0 0 0 
0 0 -0.62859006 107.23605 0.016465957 28.105346 0.040148305 52.547362 0.19171829 25.246755 0.20340316 50.033281 0.011144827 -29.235409 -0.19746644 -81.988101 -0.0035347891 8.9898232 -0.16239387 147.0038 0.24082275 -2.2944323 0 0 0 0 0 0 0 0 0 0 0 0 0 0 0 0 0 0 0 0 0 0 0 0 0 0 0 0 0 0 0 0 0 0 0 0 0 0 0 0 0 0 0 0 0 0 0 0 0 0 0 0 0 0 0 0 0 0 0 0 
0 0 -8.4736182e-05 0.016465957 6.9831404e-06 -0.0015666056 4.401471e-05 0.013716763 -1.5685232e-05 0.0070685778 4.3784129e-05 0.0028064352 7.1734654e-06 -0.0054732077 -4.6518971e-05 -0.010226472 -6.787384e-06 0.0045688757 -4.1472649e-05 0.034750707 6.4415528e-05 -0.0031701011 0 0 0 0 0 0 0 0 0 0 0 0 0 0 0 0 0 0 0 0 0 0 0 0 0 0 0 0 0 0 0 0 0 0 0 0 0 0 0 0 0 0 0 0 0 0 0 0 0 0 0 0 0 0 0 0 0 0 0 0 
0 0 -0.50582641 28.105346 -0.0015666056 204.60419 -0.030665011 30.939803 0.75688789 -2.4190911 -0.17470429 -18.609265 -0.044344129 -29.511987 -0.070870864 30.100515 0.0097443624 13.634319 -0.21501927 23.076334 0.12850821 24.686075 0 0 0 0 0 0 0 0 0 0 0 0 0 0 0 0 0 0 0 0 0 0 0 0 0 0 0 0 0 0 0 0 0 0 0 0 0 0 0 0 0 0 0 0 0 0 0 0 0 0 0 0 0 0 0 0 0 0 0 0 
0 0 -0.00056948255 0.040148305 4.401471e-05 -0.030665011 0.00086394078 0.13775917 -0.00034553663 0.025248534 -6.9207885e-05 0.019639896 2.3687044e-05 0.017527588 -0.00046263981 -0.079937109 -3.0910435e-05 0.040740065 -3.345197e-06 0.16851128 0.00059895456 -0.004252398 0 0 0 0 0 0 0 0 0 0 0 0 0 0 0 0 0 0 0 0 0 0 0 0 0 0 0 0 0 0 0 0 0 0 0 0 0 0 0 0 0 0 0 0 0 0 0 0 0 0 0 0 0 0 0 0 0 0 0 0 
0 0 -0.95181934 52.547362 0.013716763 30.939803 0.13775917 128.46321 -0.012696494 -3.690169 -0.069039766 44.294121 -0.024377237 4.6345565 -0.36192382 -50.037653 -0.006814266 17.192602 -0.38880573 95.001344 0.35422059 -8.1360868 0 0 0 0 0 0 0 0 0 0 0 0 0 0 0 0 0 0 0 0 0 0 0 0 0 0 0 0 0 0 0 0 0 0 0 0 0 0 0 0 0 0 0 0 0 0 0 0 0 0 0 0 0 0 0 0 0 0 0 0 
0 0 -0.0014574807 0.19171829 -1.5685232e-05 0.75688789 -0.00034553663 -0.012696494 0.0084298762 0.093087495 0.0086360329 -0.035497149 0.00011013213 -0.33647425 0.00099434653 0.224418 0.00012047146 0.019797119 -0.001574583 0.15425142 0.0012690134 0.29461485 0 0 0 0 0 0 0 0 0 0 0 0 0 0 0 0 0 0 0 0 0 0 0 0 0 0 0 0 0 0 0 0 0 0 0 0 0 0 0 0 0 0 0 0 0 0 0 0 0 0 0 0 0 0 0 0 0 0 0 0 
0 0 0.29723943 25.246755 0.0070685778 -2.4190911 0.025248534 -3.690169 0.093087495 30.197692 0.25105379 0.79093716 0.024223455 -11.936804 0.060086287 -7.3858814 -0.0134558 4.452183 0.12502097 42.649921 -0.074085103 1.2518039 0 0 0 0 0 0 0 0 0 0 0 0 0 0 0 0 0 0 0 0 0 0 0 0 0 0 0 0 0 0 0 0 0 0 0 0 0 0 0 0 0 0 0 0 0 0 0 0 0 0 0 0 0 0 0 0 0 0 0 0 
0 0 -0.0049594383 0.20340316 4.3784129e-05 -0.17470429 -6.9207885e-05 -0.069039766 0.0086360329 0.25105379 0.039311333 0.29080275 6.0853757e-05 -0.49020686 -0.0022106163 -0.50636527 -0.00012619241 -0.08663165 -0.0031237954 0.29553732 0.0016931439 0.57646821 0 0 0 0 0 0 0 0 0 0 0 0 0 0 0 0 0 0 0 0 0 0 0 0 0 0 0 0 0 0 0 0 0 0 0 0 0 0 0 0 0 0 0 0 0 0 0 0 0 0 0 0 0 0 0 0 0 0 0 0 
0 0 -0.48500516 50.033281 0.0028064352 -18.609265 0.019639896 44.294121 -0.035497149 0.79093716 0.29080275 92.950949 -0.010025278 4.2201496 -0.27279821 -87.16722 0.0042895479 3.3169593 -0.067642294 57.873634 0.2006404 -1.6418667 0 0 0 0 0 0 0 0 0 0 0 0 0 0 0 0 0 0 0 0 0 0 0 0 0 0 0 0 0 0 0 0 0 0 0 0 0 0 0 0 0 0 0 0 0 0 0 0 0 0 0 0 0 0 0 0 0 0 0 0 
0 0 0.00083233082 0.011144827 7.1734654e-06 -0.044344129 2.3687044e-05 -0.024377237 0.00011013213 0.024223455 6.0853757e-05 -0.010025278 0.00011514783 -0.011528732 0.00036258646 0.041796061 2.0764637e-05 0.0076557959 0.00014474187 0.040939484 1.1525666e-05 -0.017691613 0 0 0 0 0 0 0 0 0 0 0 0 0 0 0 0 0 0 0 0 0 0 0 0 0 0 0 0 0 0 0 0 0 0 0 0 0 0 0 0 0 0 0 0 0 0 0 0 0 0 0 0 0 0 0 0 0 0 0 0 
0 0 0.12827655 -29.235409 -0.0054732077 -29.511987 0.017527588 4.6345565 -0.33647425 -11.936804 -0.49020686 4.2201496 -0.011528732 34.372483 -0.037394558 13.972743 0.00080806668 1.563584 0.10844934 -36.123292 -0.067125871 -10.046841 0 0 0 0 0 0 0 0 0 0 0 0 0 0 0 0 0 0 0 0 0 0 0 0 0 0 0 0 0 0 0 0 0 0 0 0 0 0 0 0 0 0 0 0 0 0 0 0 0 0 0 0 0 0 0 0 0 0 0 0 
0 0 0.0058475285 -0.19746644 -4.6518971e-05 -0.070870864 -0.00046263981 -0.36192382 0.00099434653 0.060086287 -0.0022106163 -0.27279821 0.00036258646 -0.037394558 0.0042382885 0.25615462 8.2535665e-05 -0.026996568 0.0013551039 -0.33043935 -0.0011723778 -0.0074173111 0 0 0 0 0 0 0 0 0 0 0 0 0 0 0 0 0 0 0 0 0 0 0 0 0 0 0 0 0 0 0 0 0 0 0 0 0 0 0 0 0 0 0 0 0 0 0 0 0 0 0 0 0 0 0 0 0 0 0 0 
0 0 0.95787864 -81.988101 -0.010226472 30.100515 -0.079937109 -50.037653 0.224418 -7.3858814 -0.50636527 -87.16722 0.041796061 13.972743 0.25615462 302.65416 0.012207936 9.0913918 0.039278262 -94.316587 -0.32336793 -16.815759 0 0 0 0 0 0 0 0 0 0 0 0 0 0 0 0 0 0 0 0 0 0 0 0 0 0 0 0 0 0 0 0 0 0 0 0 0 0 0 0 0 0 0 0 0 0 0 0 0 0 0 0 0 0 0 0 0 0 0 0 
0 0 -3.7795206e-05 -0.0035347891 -6.787384e-06 0.0097443624 -3.0910435e-05 -0.006814266 0.00012047146 -0.0134558 -0.00012619241 0.0042895479 2.0764637e-05 0.00080806668 8.2535665e-05 0.012207936 4.4876117e-05 -0.0034946223 -9.6384637e-06 -0.019823083 7.844634e-05 0.0011698115 0 0 0 0 0 0 0 0 0 0 0 0 0 0 0 0 0 0 0 0 0 0 0 0 0 0 0 0 0 0 0 0 0 0 0 0 0 0 0 0 0 0 0 0 0 0 0 0 0 0 0 0 0 0 0 0 0 0 0 0 
0 0 -0.011024833 8.9898232 0.0045688757 13.634319 0.040740065 17.192602 0.019797119 4.452183 -0.08663165 3.3169593 0.0076557959 1.563584 -0.026996568 9.0913918 -0.0034946223 9.6719042 -0.036956868 24.338454 0.064682762 -2.839725 0 0 0 0 0 0 0 0 0 0 0 0 0 0 0 0 0 0 0 0 0 0 0 0 0 0 0 0 0 0 0 0 0 0 0 0 0 0 0 0 0 0 0 0 0 0 0 0 0 0 0 0 0 0 0 0 0 0 0 0 
0 0 0.005520658 -0.16239387 -4.1472649e-05 -0.21501927 -3.345197e-06 -0.38880573 -0.001574583 0.12502097 -0.0031237954 -0.067642294 0.00014474187 0.10844934 0.0013551039 0.039278262 -9.6384637e-06 -0.036956868 0.0049889834 -0.25145633 -0.0010637659 0.016220292 0 0 0 0 0 0 0 0 0 0 0 0 0 0 0 0 0 0 0 0 0 0 0 0 0 0 0 0 0 0 0 0 0 0 0 0 0 0 0 0 0 0 0 0 0 0 0 0 0 0 0 0 0 0 0 0 0 0 0 0 
0 0 -0.80055059 147.0038 0.034750707 23.076334 0.16851128 95.001344 0.15425142 42.649921 0.29553732 57.873634 0.040939484 -36.123292 -0.33043935 -94.316587 -0.019823083 24.338454 -0.25145633 258.8706 0.4102163 -21.640167 0 0 0 0 0 0 0 0 0 0 0 0 0 0 0 0 0 0 0 0 0 0 0 0 0 0 0 0 0 0 0 0 0 0 0 0 0 0 0 0 0 0 0 0 0 0 0 0 0 0 0 0 0 0 0 0 0 0 0 0 
0 0 -0.0056632055 0.24082275 6.4415528e-05 0.12850821 0.00059895456 0.35422059 0.0012690134 -0.074085103 0.0016931439 0.2006404 1.1525666e-05 -0.067125871 -0.0011723778 -0.32336793 7.844634e-05 0.064682762 -0.0010637659 0.4102163 0.0040453658 0.12624394 0 0 0 0 0 0 0 0 0 0 0 0 0 0 0 0 0 0 0 0 0 0 0 0 0 0 0 0 0 0 0 0 0 0 0 0 0 0 0 0 0 0 0 0 0 0 0 0 0 0 0 0 0 0 0 0 0 0 0 0 
0 0 -0.17378909 -2.2944323 -0.0031701011 24.686075 -0.004252398 -8.1360868 0.29461485 1.2518039 0.57646821 -1.6418667 -0.017691613 -10.046841 -0.0074173111 -16.815759 0.0011698115 -2.839725 0.016220292 -21.640167 0.12624394 39.545956 0 0 0 0 0 0 0 0 0 0 0 0 0 0 0 0 0 0 0 0 0 0 0 0 0 0 0 0 0 0 0 0 0 0 0 0 0 0 0 0 0 0 0 0 0 0 0 0 0 0 0 0 0 0 0 0 0 0 0 0 
0 0 0 0 0 0 0 0 0 0 0 0 0 0 0 0 0 0 0 0 0 0 0 0 0 0 0 0 0 0 0 0 0 0 0 0 0 0 0 0 0 0 0 0 0 0 0 0 0 0 0 0 0 0 0 0 0 0 0 0 0 0 0 0 0 0 0 0 0 0 0 0 0 0 0 0 0 0 0 0 0 0 
0 0 0 0 0 0 0 0 0 0 0 0 0 0 0 0 0 0 0 0 0 0 0 0 0 0 0 0 0 0 0 0 0 0 0 0 0 0 0 0 0 0 0 0 0 0 0 0 0 0 0 0 0 0 0 0 0 0 0 0 0 0 0 0 0 0 0 0 0 0 0 0 0 0 0 0 0 0 0 0 0 0 
0 0 0 0 0 0 0 0 0 0 0 0 0 0 0 0 0 0 0 0 0 0 0 0 0 0 0 0 0 0 0 0 0 0 0 0 0 0 0 0 0 0 0 0 0 0 0 0 0 0 0 0 0 0 0 0 0 0 0 0 0 0 0 0 0 0 0 0 0 0 0 0 0 0 0 0 0 0 0 0 0 0 
0 0 0 0 0 0 0 0 0 0 0 0 0 0 0 0 0 0 0 0 0 0 0 0 0 0 0 0 0 0 0 0 0 0 0 0 0 0 0 0 0 0 0 0 0 0 0 0 0 0 0 0 0 0 0 0 0 0 0 0 0 0 0 0 0 0 0 0 0 0 0 0 0 0 0 0 0 0 0 0 0 0 
0 0 0 0 0 0 0 0 0 0 0 0 0 0 0 0 0 0 0 0 0 0 0 0 0 0 0 0 0 0 0 0 0 0 0 0 0 0 0 0 0 0 0 0 0 0 0 0 0 0 0 0 0 0 0 0 0 0 0 0 0 0 0 0 0 0 0 0 0 0 0 0 0 0 0 0 0 0 0 0 0 0 
0 0 0 0 0 0 0 0 0 0 0 0 0 0 0 0 0 0 0 0 0 0 0 0 0 0 0 0 0 0 0 0 0 0 0 0 0 0 0 0 0 0 0 0 0 0 0 0 0 0 0 0 0 0 0 0 0 0 0 0 0 0 0 0 0 0 0 0 0 0 0 0 0 0 0 0 0 0 0 0 0 0 
0 0 0 0 0 0 0 0 0 0 0 0 0 0 0 0 0 0 0 0 0 0 0 0 0 0 0 0 0 0 0 0 0 0 0 0 0 0 0 0 0 0 0 0 0 0 0 0 0 0 0 0 0 0 0 0 0 0 0 0 0 0 0 0 0 0 0 0 0 0 0 0 0 0 0 0 0 0 0 0 0 0 
0 0 0 0 0 0 0 0 0 0 0 0 0 0 0 0 0 0 0 0 0 0 0 0 0 0 0 0 0 0 0 0 0 0 0 0 0 0 0 0 0 0 0 0 0 0 0 0 0 0 0 0 0 0 0 0 0 0 0 0 0 0 0 0 0 0 0 0 0 0 0 0 0 0 0 0 0 0 0 0 0 0 
0 0 0 0 0 0 0 0 0 0 0 0 0 0 0 0 0 0 0 0 0 0 0 0 0 0 0 0 0 0 0 0 0 0 0 0 0 0 0 0 0 0 0 0 0 0 0 0 0 0 0 0 0 0 0 0 0 0 0 0 0 0 0 0 0 0 0 0 0 0 0 0 0 0 0 0 0 0 0 0 0 0 
0 0 0 0 0 0 0 0 0 0 0 0 0 0 0 0 0 0 0 0 0 0 0 0 0 0 0 0 0 0 0 0 0 0 0 0 0 0 0 0 0 0 0 0 0 0 0 0 0 0 0 0 0 0 0 0 0 0 0 0 0 0 0 0 0 0 0 0 0 0 0 0 0 0 0 0 0 0 0 0 0 0 
0 0 0 0 0 0 0 0 0 0 0 0 0 0 0 0 0 0 0 0 0 0 0 0 0 0 0 0 0 0 0 0 0 0 0 0 0 0 0 0 0 0 0 0 0 0 0 0 0 0 0 0 0 0 0 0 0 0 0 0 0 0 0 0 0 0 0 0 0 0 0 0 0 0 0 0 0 0 0 0 0 0 
0 0 0 0 0 0 0 0 0 0 0 0 0 0 0 0 0 0 0 0 0 0 0 0 0 0 0 0 0 0 0 0 0 0 0 0 0 0 0 0 0 0 0 0 0 0 0 0 0 0 0 0 0 0 0 0 0 0 0 0 0 0 0 0 0 0 0 0 0 0 0 0 0 0 0 0 0 0 0 0 0 0 
0 0 0 0 0 0 0 0 0 0 0 0 0 0 0 0 0 0 0 0 0 0 0 0 0 0 0 0 0 0 0 0 0 0 0 0 0 0 0 0 0 0 0 0 0 0 0 0 0 0 0 0 0 0 0 0 0 0 0 0 0 0 0 0 0 0 0 0 0 0 0 0 0 0 0 0 0 0 0 0 0 0 
0 0 0 0 0 0 0 0 0 0 0 0 0 0 0 0 0 0 0 0 0 0 0 0 0 0 0 0 0 0 0 0 0 0 0 0 0 0 0 0 0 0 0 0 0 0 0 0 0 0 0 0 0 0 0 0 0 0 0 0 0 0 0 0 0 0 0 0 0 0 0 0 0 0 0 0 0 0 0 0 0 0 
0 0 0 0 0 0 0 0 0 0 0 0 0 0 0 0 0 0 0 0 0 0 0 0 0 0 0 0 0 0 0 0 0 0 0 0 0 0 0 0 0 0 0 0 0 0 0 0 0 0 0 0 0 0 0 0 0 0 0 0 0 0 0 0 0 0 0 0 0 0 0 0 0 0 0 0 0 0 0 0 0 0 
0 0 0 0 0 0 0 0 0 0 0 0 0 0 0 0 0 0 0 0 0 0 0 0 0 0 0 0 0 0 0 0 0 0 0 0 0 0 0 0 0 0 0 0 0 0 0 0 0 0 0 0 0 0 0 0 0 0 0 0 0 0 0 0 0 0 0 0 0 0 0 0 0 0 0 0 0 0 0 0 0 0 
0 0 0 0 0 0 0 0 0 0 0 0 0 0 0 0 0 0 0 0 0 0 0 0 0 0 0 0 0 0 0 0 0 0 0 0 0 0 0 0 0 0 0 0 0 0 0 0 0 0 0 0 0 0 0 0 0 0 0 0 0 0 0 0 0 0 0 0 0 0 0 0 0 0 0 0 0 0 0 0 0 0 
0 0 0 0 0 0 0 0 0 0 0 0 0 0 0 0 0 0 0 0 0 0 0 0 0 0 0 0 0 0 0 0 0 0 0 0 0 0 0 0 0 0 0 0 0 0 0 0 0 0 0 0 0 0 0 0 0 0 0 0 0 0 0 0 0 0 0 0 0 0 0 0 0 0 0 0 0 0 0 0 0 0 
0 0 0 0 0 0 0 0 0 0 0 0 0 0 0 0 0 0 0 0 0 0 0 0 0 0 0 0 0 0 0 0 0 0 0 0 0 0 0 0 0 0 0 0 0 0 0 0 0 0 0 0 0 0 0 0 0 0 0 0 0 0 0 0 0 0 0 0 0 0 0 0 0 0 0 0 0 0 0 0 0 0 
0 0 0 0 0 0 0 0 0 0 0 0 0 0 0 0 0 0 0 0 0 0 0 0 0 0 0 0 0 0 0 0 0 0 0 0 0 0 0 0 0 0 0 0 0 0 0 0 0 0 0 0 0 0 0 0 0 0 0 0 0 0 0 0 0 0 0 0 0 0 0 0 0 0 0 0 0 0 0 0 0 0 
0 0 0 0 0 0 0 0 0 0 0 0 0 0 0 0 0 0 0 0 0 0 0 0 0 0 0 0 0 0 0 0 0 0 0 0 0 0 0 0 0 0 0 0 0 0 0 0 0 0 0 0 0 0 0 0 0 0 0 0 0 0 0 0 0 0 0 0 0 0 0 0 0 0 0 0 0 0 0 0 0 0 
0 0 0 0 0 0 0 0 0 0 0 0 0 0 0 0 0 0 0 0 0 0 0 0 0 0 0 0 0 0 0 0 0 0 0 0 0 0 0 0 0 0 0 0 0 0 0 0 0 0 0 0 0 0 0 0 0 0 0 0 0 0 0 0 0 0 0 0 0 0 0 0 0 0 0 0 0 0 0 0 0 0 
0 0 0 0 0 0 0 0 0 0 0 0 0 0 0 0 0 0 0 0 0 0 0 0 0 0 0 0 0 0 0 0 0 0 0 0 0 0 0 0 0 0 0 0 0 0 0 0 0 0 0 0 0 0 0 0 0 0 0 0 0 0 0 0 0 0 0 0 0 0 0 0 0 0 0 0 0 0 0 0 0 0 
0 0 0 0 0 0 0 0 0 0 0 0 0 0 0 0 0 0 0 0 0 0 0 0 0 0 0 0 0 0 0 0 0 0 0 0 0 0 0 0 0 0 0 0 0 0 0 0 0 0 0 0 0 0 0 0 0 0 0 0 0 0 0 0 0 0 0 0 0 0 0 0 0 0 0 0 0 0 0 0 0 0 
0 0 0 0 0 0 0 0 0 0 0 0 0 0 0 0 0 0 0 0 0 0 0 0 0 0 0 0 0 0 0 0 0 0 0 0 0 0 0 0 0 0 0 0 0 0 0 0 0 0 0 0 0 0 0 0 0 0 0 0 0 0 0 0 0 0 0 0 0 0 0 0 0 0 0 0 0 0 0 0 0 0 
0 0 0 0 0 0 0 0 0 0 0 0 0 0 0 0 0 0 0 0 0 0 0 0 0 0 0 0 0 0 0 0 0 0 0 0 0 0 0 0 0 0 0 0 0 0 0 0 0 0 0 0 0 0 0 0 0 0 0 0 0 0 0 0 0 0 0 0 0 0 0 0 0 0 0 0 0 0 0 0 0 0 
0 0 0 0 0 0 0 0 0 0 0 0 0 0 0 0 0 0 0 0 0 0 0 0 0 0 0 0 0 0 0 0 0 0 0 0 0 0 0 0 0 0 0 0 0 0 0 0 0 0 0 0 0 0 0 0 0 0 0 0 0 0 0 0 0 0 0 0 0 0 0 0 0 0 0 0 0 0 0 0 0 0 
0 0 0 0 0 0 0 0 0 0 0 0 0 0 0 0 0 0 0 0 0 0 0 0 0 0 0 0 0 0 0 0 0 0 0 0 0 0 0 0 0 0 0 0 0 0 0 0 0 0 0 0 0 0 0 0 0 0 0 0 0 0 0 0 0 0 0 0 0 0 0 0 0 0 0 0 0 0 0 0 0 0 
0 0 0 0 0 0 0 0 0 0 0 0 0 0 0 0 0 0 0 0 0 0 0 0 0 0 0 0 0 0 0 0 0 0 0 0 0 0 0 0 0 0 0 0 0 0 0 0 0 0 0 0 0 0 0 0 0 0 0 0 0 0 0 0 0 0 0 0 0 0 0 0 0 0 0 0 0 0 0 0 0 0 
0 0 0 0 0 0 0 0 0 0 0 0 0 0 0 0 0 0 0 0 0 0 0 0 0 0 0 0 0 0 0 0 0 0 0 0 0 0 0 0 0 0 0 0 0 0 0 0 0 0 0 0 0 0 0 0 0 0 0 0 0 0 0 0 0 0 0 0 0 0 0 0 0 0 0 0 0 0 0 0 0 0 
0 0 0 0 0 0 0 0 0 0 0 0 0 0 0 0 0 0 0 0 0 0 0 0 0 0 0 0 0 0 0 0 0 0 0 0 0 0 0 0 0 0 0 0 0 0 0 0 0 0 0 0 0 0 0 0 0 0 0 0 0 0 0 0 0 0 0 0 0 0 0 0 0 0 0 0 0 0 0 0 0 0 
0 0 0 0 0 0 0 0 0 0 0 0 0 0 0 0 0 0 0 0 0 0 0 0 0 0 0 0 0 0 0 0 0 0 0 0 0 0 0 0 0 0 0 0 0 0 0 0 0 0 0 0 0 0 0 0 0 0 0 0 0 0 0 0 0 0 0 0 0 0 0 0 0 0 0 0 0 0 0 0 0 0 
0 0 0 0 0 0 0 0 0 0 0 0 0 0 0 0 0 0 0 0 0 0 0 0 0 0 0 0 0 0 0 0 0 0 0 0 0 0 0 0 0 0 0 0 0 0 0 0 0 0 0 0 0 0 0 0 0 0 0 0 0 0 0 0 0 0 0 0 0 0 0 0 0 0 0 0 0 0 0 0 0 0 
0 0 0 0 0 0 0 0 0 0 0 0 0 0 0 0 0 0 0 0 0 0 0 0 0 0 0 0 0 0 0 0 0 0 0 0 0 0 0 0 0 0 0 0 0 0 0 0 0 0 0 0 0 0 0 0 0 0 0 0 0 0 0 0 0 0 0 0 0 0 0 0 0 0 0 0 0 0 0 0 0 0 
0 0 0 0 0 0 0 0 0 0 0 0 0 0 0 0 0 0 0 0 0 0 0 0 0 0 0 0 0 0 0 0 0 0 0 0 0 0 0 0 0 0 0 0 0 0 0 0 0 0 0 0 0 0 0 0 0 0 0 0 0 0 0 0 0 0 0 0 0 0 0 0 0 0 0 0 0 0 0 0 0 0 
0 0 0 0 0 0 0 0 0 0 0 0 0 0 0 0 0 0 0 0 0 0 0 0 0 0 0 0 0 0 0 0 0 0 0 0 0 0 0 0 0 0 0 0 0 0 0 0 0 0 0 0 0 0 0 0 0 0 0 0 0 0 0 0 0 0 0 0 0 0 0 0 0 0 0 0 0 0 0 0 0 0 
0 0 0 0 0 0 0 0 0 0 0 0 0 0 0 0 0 0 0 0 0 0 0 0 0 0 0 0 0 0 0 0 0 0 0 0 0 0 0 0 0 0 0 0 0 0 0 0 0 0 0 0 0 0 0 0 0 0 0 0 0 0 0 0 0 0 0 0 0 0 0 0 0 0 0 0 0 0 0 0 0 0 
0 0 0 0 0 0 0 0 0 0 0 0 0 0 0 0 0 0 0 0 0 0 0 0 0 0 0 0 0 0 0 0 0 0 0 0 0 0 0 0 0 0 0 0 0 0 0 0 0 0 0 0 0 0 0 0 0 0 0 0 0 0 0 0 0 0 0 0 0 0 0 0 0 0 0 0 0 0 0 0 0 0 
0 0 0 0 0 0 0 0 0 0 0 0 0 0 0 0 0 0 0 0 0 0 0 0 0 0 0 0 0 0 0 0 0 0 0 0 0 0 0 0 0 0 0 0 0 0 0 0 0 0 0 0 0 0 0 0 0 0 0 0 0 0 0 0 0 0 0 0 0 0 0 0 0 0 0 0 0 0 0 0 0 0 
0 0 0 0 0 0 0 0 0 0 0 0 0 0 0 0 0 0 0 0 0 0 0 0 0 0 0 0 0 0 0 0 0 0 0 0 0 0 0 0 0 0 0 0 0 0 0 0 0 0 0 0 0 0 0 0 0 0 0 0 0 0 0 0 0 0 0 0 0 0 0 0 0 0 0 0 0 0 0 0 0 0 
0 0 0 0 0 0 0 0 0 0 0 0 0 0 0 0 0 0 0 0 0 0 0 0 0 0 0 0 0 0 0 0 0 0 0 0 0 0 0 0 0 0 0 0 0 0 0 0 0 0 0 0 0 0 0 0 0 0 0 0 0 0 0 0 0 0 0 0 0 0 0 0 0 0 0 0 0 0 0 0 0 0 
0 0 0 0 0 0 0 0 0 0 0 0 0 0 0 0 0 0 0 0 0 0 0 0 0 0 0 0 0 0 0 0 0 0 0 0 0 0 0 0 0 0 0 0 0 0 0 0 0 0 0 0 0 0 0 0 0 0 0 0 0 0 0 0 0 0 0 0 0 0 0 0 0 0 0 0 0 0 0 0 0 0 
0 0 0 0 0 0 0 0 0 0 0 0 0 0 0 0 0 0 0 0 0 0 0 0 0 0 0 0 0 0 0 0 0 0 0 0 0 0 0 0 0 0 0 0 0 0 0 0 0 0 0 0 0 0 0 0 0 0 0 0 0 0 0 0 0 0 0 0 0 0 0 0 0 0 0 0 0 0 0 0 0 0 
0 0 0 0 0 0 0 0 0 0 0 0 0 0 0 0 0 0 0 0 0 0 0 0 0 0 0 0 0 0 0 0 0 0 0 0 0 0 0 0 0 0 0 0 0 0 0 0 0 0 0 0 0 0 0 0 0 0 0 0 0 0 0 0 0 0 0 0 0 0 0 0 0 0 0 0 0 0 0 0 0 0 
0 0 0 0 0 0 0 0 0 0 0 0 0 0 0 0 0 0 0 0 0 0 0 0 0 0 0 0 0 0 0 0 0 0 0 0 0 0 0 0 0 0 0 0 0 0 0 0 0 0 0 0 0 0 0 0 0 0 0 0 0 0 0 0 0 0 0 0 0 0 0 0 0 0 0 0 0 0 0 0 0 0 
0 0 0 0 0 0 0 0 0 0 0 0 0 0 0 0 0 0 0 0 0 0 0 0 0 0 0 0 0 0 0 0 0 0 0 0 0 0 0 0 0 0 0 0 0 0 0 0 0 0 0 0 0 0 0 0 0 0 0 0 0 0 0 0 0 0 0 0 0 0 0 0 0 0 0 0 0 0 0 0 0 0 
0 0 0 0 0 0 0 0 0 0 0 0 0 0 0 0 0 0 0 0 0 0 0 0 0 0 0 0 0 0 0 0 0 0 0 0 0 0 0 0 0 0 0 0 0 0 0 0 0 0 0 0 0 0 0 0 0 0 0 0 0 0 0 0 0 0 0 0 0 0 0 0 0 0 0 0 0 0 0 0 0 0 
0 0 0 0 0 0 0 0 0 0 0 0 0 0 0 0 0 0 0 0 0 0 0 0 0 0 0 0 0 0 0 0 0 0 0 0 0 0 0 0 0 0 0 0 0 0 0 0 0 0 0 0 0 0 0 0 0 0 0 0 0 0 0 0 0 0 0 0 0 0 0 0 0 0 0 0 0 0 0 0 0 0 
0 0 0 0 0 0 0 0 0 0 0 0 0 0 0 0 0 0 0 0 0 0 0 0 0 0 0 0 0 0 0 0 0 0 0 0 0 0 0 0 0 0 0 0 0 0 0 0 0 0 0 0 0 0 0 0 0 0 0 0 0 0 0 0 0 0 0 0 0 0 0 0 0 0 0 0 0 0 0 0 0 0 
0 0 0 0 0 0 0 0 0 0 0 0 0 0 0 0 0 0 0 0 0 0 0 0 0 0 0 0 0 0 0 0 0 0 0 0 0 0 0 0 0 0 0 0 0 0 0 0 0 0 0 0 0 0 0 0 0 0 0 0 0 0 0 0 0 0 0 0 0 0 0 0 0 0 0 0 0 0 0 0 0 0 
0 0 0 0 0 0 0 0 0 0 0 0 0 0 0 0 0 0 0 0 0 0 0 0 0 0 0 0 0 0 0 0 0 0 0 0 0 0 0 0 0 0 0 0 0 0 0 0 0 0 0 0 0 0 0 0 0 0 0 0 0 0 0 0 0 0 0 0 0 0 0 0 0 0 0 0 0 0 0 0 0 0 
0 0 0 0 0 0 0 0 0 0 0 0 0 0 0 0 0 0 0 0 0 0 0 0 0 0 0 0 0 0 0 0 0 0 0 0 0 0 0 0 0 0 0 0 0 0 0 0 0 0 0 0 0 0 0 0 0 0 0 0 0 0 0 0 0 0 0 0 0 0 0 0 0 0 0 0 0 0 0 0 0 0 
0 0 0 0 0 0 0 0 0 0 0 0 0 0 0 0 0 0 0 0 0 0 0 0 0 0 0 0 0 0 0 0 0 0 0 0 0 0 0 0 0 0 0 0 0 0 0 0 0 0 0 0 0 0 0 0 0 0 0 0 0 0 0 0 0 0 0 0 0 0 0 0 0 0 0 0 0 0 0 0 0 0 
0 0 0 0 0 0 0 0 0 0 0 0 0 0 0 0 0 0 0 0 0 0 0 0 0 0 0 0 0 0 0 0 0 0 0 0 0 0 0 0 0 0 0 0 0 0 0 0 0 0 0 0 0 0 0 0 0 0 0 0 0 0 0 0 0 0 0 0 0 0 0 0 0 0 0 0 0 0 0 0 0 0 
0 0 0 0 0 0 0 0 0 0 0 0 0 0 0 0 0 0 0 0 0 0 0 0 0 0 0 0 0 0 0 0 0 0 0 0 0 0 0 0 0 0 0 0 0 0 0 0 0 0 0 0 0 0 0 0 0 0 0 0 0 0 0 0 0 0 0 0 0 0 0 0 0 0 0 0 0 0 0 0 0 0 
0 0 0 0 0 0 0 0 0 0 0 0 0 0 0 0 0 0 0 0 0 0 0 0 0 0 0 0 0 0 0 0 0 0 0 0 0 0 0 0 0 0 0 0 0 0 0 0 0 0 0 0 0 0 0 0 0 0 0 0 0 0 0 0 0 0 0 0 0 0 0 0 0 0 0 0 0 0 0 0 0 0 
0 0 0 0 0 0 0 0 0 0 0 0 0 0 0 0 0 0 0 0 0 0 0 0 0 0 0 0 0 0 0 0 0 0 0 0 0 0 0 0 0 0 0 0 0 0 0 0 0 0 0 0 0 0 0 0 0 0 0 0 0 0 0 0 0 0 0 0 0 0 0 0 0 0 0 0 0 0 0 0 0 0 
0 0 0 0 0 0 0 0 0 0 0 0 0 0 0 0 0 0 0 0 0 0 0 0 0 0 0 0 0 0 0 0 0 0 0 0 0 0 0 0 0 0 0 0 0 0 0 0 0 0 0 0 0 0 0 0 0 0 0 0 0 0 0 0 0 0 0 0 0 0 0 0 0 0 0 0 0 0 0 0 0 0 
0 0 0 0 0 0 0 0 0 0 0 0 0 0 0 0 0 0 0 0 0 0 0 0 0 0 0 0 0 0 0 0 0 0 0 0 0 0 0 0 0 0 0 0 0 0 0 0 0 0 0 0 0 0 0 0 0 0 0 0 0 0 0 0 0 0 0 0 0 0 0 0 0 0 0 0 0 0 0 0 0 0 
0 0 0 0 0 0 0 0 0 0 0 0 0 0 0 0 0 0 0 0 0 0 0 0 0 0 0 0 0 0 0 0 0 0 0 0 0 0 0 0 0 0 0 0 0 0 0 0 0 0 0 0 0 0 0 0 0 0 0 0 0 0 0 0 0 0 0 0 0 0 0 0 0 0 0 0 0 0 0 0 0 0 
ParamsOrder D0{K*(892)+{K0S0,pi+},K-}_Re Fix D0{K*(892)+{K0S0,pi+},K-}_Im Fix D0{K*(1410)+{K0S0,pi+},K-}_Re Free D0{K*(1410)+{K0S0,pi+},K-}_Im Free D0{K(0)*(1430)+[GLASS]{K0S0,pi+},K-}_Re Free D0{K(0)*(1430)+[GLASS]{K0S0,pi+},K-}_Im Free D0{K*(892)0{K-,pi+},K0S0}_Re Free D0{K*(892)0{K-,pi+},K0S0}_Im Free D0{K*(1410)0{K-,pi+},K0S0}_Re Free D0{K*(1410)0{K-,pi+},K0S0}_Im Free D0{K(2)*(1430)0{K-,pi+},K0S0}_Re Free D0{K(2)*(1430)0{K-,pi+},K0S0}_Im Free D0{K(0)*(1430)0[GLASS]{K-,pi+},K0S0}_Re Free D0{K(0)*(1430)0[GLASS]{K-,pi+},K0S0}_Im Free D0{a(2)(1320)-{K0S0,K-},pi+}_Re Free D0{a(2)(1320)-{K0S0,K-},pi+}_Im Free D0{a(0)(1450)-{K0S0,K-},pi+}_Re Free D0{a(0)(1450)-{K0S0,K-},pi+}_Im Free D0{rho(1450)-[GounarisSakurai]{K0S0,K-},pi+}_Re Free D0{rho(1450)-[GounarisSakurai]{K0S0,K-},pi+}_Im Free D0{rho(1700)-[GounarisSakurai]{K0S0,K-},pi+}_Re Free D0{rho(1700)-[GounarisSakurai]{K0S0,K-},pi+}_Im Free Dbar0_radius Fix K(0)*(1430)+::GLASS::F CompileTimeConstant K(0)*(1430)+::GLASS::R CompileTimeConstant K(0)*(1430)+::GLASS::a CompileTimeConstant K(0)*(1430)+::GLASS::phiF CompileTimeConstant K(0)*(1430)+::GLASS::phiR CompileTimeConstant K(0)*(1430)+::GLASS::r CompileTimeConstant K(0)*(1430)0::GLASS::F CompileTimeConstant K(0)*(1430)0::GLASS::R CompileTimeConstant K(0)*(1430)0::GLASS::a CompileTimeConstant K(0)*(1430)0::GLASS::phiF CompileTimeConstant K(0)*(1430)0::GLASS::phiR CompileTimeConstant K(0)*(1430)0::GLASS::r CompileTimeConstant D0_radius CompileTimeConstant K*(892)0_mass CompileTimeConstant K*(892)0_width CompileTimeConstant K*(892)+_mass CompileTimeConstant K*(892)+_width CompileTimeConstant K(0)*(1430)bar-_mass CompileTimeConstant K(0)*(1430)bar-_width CompileTimeConstant K(0)*(1430)0_mass CompileTimeConstant K(0)*(1430)0_width CompileTimeConstant K(2)*(1430)0_mass CompileTimeConstant K(2)*(1430)0_width CompileTimeConstant K*(1410)0_width CompileTimeConstant K*(1410)+_mass CompileTimeConstant K*(1410)+_width CompileTimeConstant a(0)(980)-_mass CompileTimeConstant a(0)(1450)-_mass CompileTimeConstant a(0)(1450)-_width CompileTimeConstant a(2)(1320)-_mass CompileTimeConstant a(2)(1320)-_width CompileTimeConstant rho(1450)-_mass CompileTimeConstant rho(1450)-_width CompileTimeConstant rho(1700)-_mass CompileTimeConstant rho(1700)-_width CompileTimeConstant fPDF Hide fBkg Hide K(0)*(1430)+_mass Hide K(0)*(1430)+_width Hide K*(892)bar0_mass Hide K*(892)bar0_width Hide K*(892)bar-_mass Hide K*(892)bar-_width Hide K(0)*(1430)bar0_mass Hide K(0)*(1430)bar0_width Hide K(2)*(1430)bar0_mass Hide K(2)*(1430)bar0_width Hide K*(1410)bar0_width Hide K*(1410)bar-_mass Hide K*(1410)bar-_width Hide a(0)(980)+_mass Hide a(0)(1450)+_mass Hide a(0)(1450)+_width Hide a(2)(1320)+_mass Hide a(2)(1320)+_width Hide rho(1450)+_mass Hide rho(1450)+_width Hide rho(1700)+_mass Hide rho(1700)+_width Hide 
End Log
